<?xml version="1.0" encoding="UTF-8"?>
<!-- Generated by org.testng.reporters.JUnitReportReporter -->
<testsuite skipped="0" hostname="DESKTOP-V46V074" name="testngconcepts.TC001_testng" tests="1" failures="0" timestamp="09 Dec 2020 17:12:50 GMT" time="0.015" errors="0">
  <testcase name="displaymesg" time="0.015" classname="testngconcepts.TC001_testng"/>
</testsuite> <!-- testngconcepts.TC001_testng -->
