<?xml version="1.0" encoding="UTF-8"?>
<!-- Generated by org.testng.reporters.JUnitReportReporter -->
<testsuite skipped="0" hostname="DESKTOP-V46V074" name="testngconcepts.TC002_Test_Annotation_Priority" tests="2" failures="0" timestamp="17 Dec 2020 01:44:48 GMT" time="64.153" errors="0">
  <testcase name="signUpLink" time="14.637" classname="testngconcepts.TC002_Test_Annotation_Priority"/>
  <testcase name="verifyTitle" time="49.516" classname="testngconcepts.TC002_Test_Annotation_Priority"/>
</testsuite> <!-- testngconcepts.TC002_Test_Annotation_Priority -->
