<?xml version="1.0" encoding="UTF-8"?>
<!-- Generated by org.testng.reporters.JUnitReportReporter -->
<testsuite skipped="0" hostname="DESKTOP-V46V074" name="testngconcepts.TC003_browserOpening" tests="5" failures="0" timestamp="17 Dec 2020 01:44:48 GMT" time="0.025" errors="0">
  <testcase name="invoke" time="0.014" classname="testngconcepts.TC003_browserOpening"/>
  <testcase name="invoke" time="0.002" classname="testngconcepts.TC003_browserOpening"/>
  <testcase name="invoke" time="0.003" classname="testngconcepts.TC003_browserOpening"/>
  <testcase name="invoke" time="0.004" classname="testngconcepts.TC003_browserOpening"/>
  <testcase name="invoke" time="0.002" classname="testngconcepts.TC003_browserOpening"/>
</testsuite> <!-- testngconcepts.TC003_browserOpening -->
